app/build/intermediates/manifest_merge_blame_file/debug/manifest-merger-blame-debug-report.txt
1<?xml version="1.0" encoding="utf-8"?>
2<manifest xmlns:android="http://schemas.android.com/apk/res/android"
3    package="com.rikesh.cinemaghar"
4    android:versionCode="1"
5    android:versionName="1.0" >
6
7    <uses-sdk
8        android:minSdkVersion="21"
8-->src\main\AndroidManifest.xml
9        android:targetSdkVersion="31" />
9-->src\main\AndroidManifest.xml
10
11    <uses-permission android:name="android.permission.INTERNET" />
11-->src\main\AndroidManifest.xml:5:5-66
11-->src\main\AndroidManifest.xml:5:22-64
12    <uses-permission android:name="android.permission.ACCESS_NETWORK_STATE" />
12-->src\main\AndroidManifest.xml:6:5-79
12-->src\main\AndroidManifest.xml:6:22-76
13    <uses-permission android:name="android.permission.ACCESS_WIFI_STATE" />
13-->src\main\AndroidManifest.xml:7:5-76
13-->src\main\AndroidManifest.xml:7:22-73
14
15    <!-- This permission is required to start foreground services in Android P. -->
16    <uses-permission android:name="android.permission.FOREGROUND_SERVICE" />
16-->[com.google.android.gms:play-services-cast-framework:21.0.0] AndroidManifest.xml:10:5-77
16-->[com.google.android.gms:play-services-cast-framework:21.0.0] AndroidManifest.xml:10:22-74
17
18    <application
18-->src\main\AndroidManifest.xml:9:5-48:19
19        android:allowBackup="true"
19-->src\main\AndroidManifest.xml:10:9-35
20        android:appComponentFactory="androidx.core.app.CoreComponentFactory"
20-->[androidx.core:core:1.7.0] AndroidManifest.xml:24:18-86
21        android:debuggable="true"
22        android:icon="@mipmap/logo"
22-->src\main\AndroidManifest.xml:11:9-36
23        android:label="@string/app_name"
23-->src\main\AndroidManifest.xml:12:9-41
24        android:roundIcon="@mipmap/ic_launcher_round"
24-->src\main\AndroidManifest.xml:13:9-54
25        android:supportsRtl="true"
25-->src\main\AndroidManifest.xml:14:9-35
26        android:testOnly="true"
27        android:theme="@style/AppTheme" >
27-->src\main\AndroidManifest.xml:15:9-40
28        <activity
28-->src\main\AndroidManifest.xml:16:9-25:20
29            android:name="com.rikesh.cinemaghar.View.MainActivity"
29-->src\main\AndroidManifest.xml:16:19-73
30            android:configChanges="orientation|screenSize|screenLayout|keyboardHidden"
30-->src\main\AndroidManifest.xml:17:13-87
31            android:exported="true"
31-->src\main\AndroidManifest.xml:19:13-36
32            android:launchMode="singleTop" >
32-->src\main\AndroidManifest.xml:18:13-43
33            <intent-filter>
33-->src\main\AndroidManifest.xml:20:13-24:29
34                <action android:name="android.intent.action.MAIN" />
34-->src\main\AndroidManifest.xml:21:17-69
34-->src\main\AndroidManifest.xml:21:25-66
35
36                <category android:name="android.intent.category.LAUNCHER" />
36-->src\main\AndroidManifest.xml:23:17-77
36-->src\main\AndroidManifest.xml:23:27-74
37            </intent-filter>
38        </activity>
39        <activity
39-->src\main\AndroidManifest.xml:26:9-34:20
40            android:name="com.rikesh.cinemaghar.View.MovieDetails"
40-->src\main\AndroidManifest.xml:27:13-67
41            android:configChanges="orientation|screenSize|screenLayout|keyboardHidden"
41-->src\main\AndroidManifest.xml:28:13-87
42            android:exported="true"
42-->src\main\AndroidManifest.xml:30:13-36
43            android:launchMode="singleTop" >
43-->src\main\AndroidManifest.xml:29:13-43
44            <intent-filter>
44-->src\main\AndroidManifest.xml:31:13-33:29
45                <category android:name="android.intent.category.DEFAULT" />
45-->src\main\AndroidManifest.xml:32:17-76
45-->src\main\AndroidManifest.xml:32:27-73
46            </intent-filter>
47        </activity>
48        <activity
48-->src\main\AndroidManifest.xml:35:9-43:20
49            android:name="com.rikesh.cinemaghar.View.MoviesSearch"
49-->src\main\AndroidManifest.xml:36:13-67
50            android:configChanges="orientation|screenSize|screenLayout|keyboardHidden"
50-->src\main\AndroidManifest.xml:37:13-87
51            android:exported="true"
51-->src\main\AndroidManifest.xml:39:13-36
52            android:launchMode="singleTop" >
52-->src\main\AndroidManifest.xml:38:13-43
53            <intent-filter>
53-->src\main\AndroidManifest.xml:31:13-33:29
54                <category android:name="android.intent.category.DEFAULT" />
54-->src\main\AndroidManifest.xml:32:17-76
54-->src\main\AndroidManifest.xml:32:27-73
55            </intent-filter>
56        </activity>
57
58        <meta-data
58-->src\main\AndroidManifest.xml:45:9-47:57
59            android:name="preloaded_fonts"
59-->src\main\AndroidManifest.xml:46:13-43
60            android:resource="@array/preloaded_fonts" />
60-->src\main\AndroidManifest.xml:47:13-54
61
62        <receiver
62-->[com.google.android.gms:play-services-cast-framework:21.0.0] AndroidManifest.xml:13:9-15:40
63            android:name="com.google.android.gms.cast.framework.media.MediaIntentReceiver"
63-->[com.google.android.gms:play-services-cast-framework:21.0.0] AndroidManifest.xml:14:13-91
64            android:exported="false" />
64-->[com.google.android.gms:play-services-cast-framework:21.0.0] AndroidManifest.xml:15:13-37
65
66        <service
66-->[com.google.android.gms:play-services-cast-framework:21.0.0] AndroidManifest.xml:17:9-20:61
67            android:name="com.google.android.gms.cast.framework.media.MediaNotificationService"
67-->[com.google.android.gms:play-services-cast-framework:21.0.0] AndroidManifest.xml:18:13-96
68            android:exported="false"
68-->[com.google.android.gms:play-services-cast-framework:21.0.0] AndroidManifest.xml:19:13-37
69            android:foregroundServiceType="mediaPlayback" />
69-->[com.google.android.gms:play-services-cast-framework:21.0.0] AndroidManifest.xml:20:13-58
70        <service
70-->[com.google.android.gms:play-services-cast-framework:21.0.0] AndroidManifest.xml:21:9-23:40
71            android:name="com.google.android.gms.cast.framework.ReconnectionService"
71-->[com.google.android.gms:play-services-cast-framework:21.0.0] AndroidManifest.xml:22:13-85
72            android:exported="false" />
72-->[com.google.android.gms:play-services-cast-framework:21.0.0] AndroidManifest.xml:23:13-37
73
74        <activity
74-->[com.google.android.gms:play-services-base:18.0.0] AndroidManifest.xml:20:9-22:45
75            android:name="com.google.android.gms.common.api.GoogleApiActivity"
75-->[com.google.android.gms:play-services-base:18.0.0] AndroidManifest.xml:20:19-85
76            android:exported="false"
76-->[com.google.android.gms:play-services-base:18.0.0] AndroidManifest.xml:22:19-43
77            android:theme="@android:style/Theme.Translucent.NoTitleBar" />
77-->[com.google.android.gms:play-services-base:18.0.0] AndroidManifest.xml:21:19-78
78
79        <meta-data
79-->[com.google.android.gms:play-services-basement:18.0.0] AndroidManifest.xml:21:9-23:69
80            android:name="com.google.android.gms.version"
80-->[com.google.android.gms:play-services-basement:18.0.0] AndroidManifest.xml:22:13-58
81            android:value="@integer/google_play_services_version" />
81-->[com.google.android.gms:play-services-basement:18.0.0] AndroidManifest.xml:23:13-66
82
83        <provider
83-->[androidx.emoji2:emoji2:1.0.0] AndroidManifest.xml:26:9-34:20
84            android:name="androidx.startup.InitializationProvider"
84-->[androidx.emoji2:emoji2:1.0.0] AndroidManifest.xml:27:13-67
85            android:authorities="com.rikesh.cinemaghar.androidx-startup"
85-->[androidx.emoji2:emoji2:1.0.0] AndroidManifest.xml:28:13-68
86            android:exported="false" >
86-->[androidx.emoji2:emoji2:1.0.0] AndroidManifest.xml:29:13-37
87            <meta-data
87-->[androidx.emoji2:emoji2:1.0.0] AndroidManifest.xml:31:13-33:52
88                android:name="androidx.emoji2.text.EmojiCompatInitializer"
88-->[androidx.emoji2:emoji2:1.0.0] AndroidManifest.xml:32:17-75
89                android:value="androidx.startup" />
89-->[androidx.emoji2:emoji2:1.0.0] AndroidManifest.xml:33:17-49
90            <meta-data
90-->[androidx.lifecycle:lifecycle-process:2.4.0] AndroidManifest.xml:31:13-33:52
91                android:name="androidx.lifecycle.ProcessLifecycleInitializer"
91-->[androidx.lifecycle:lifecycle-process:2.4.0] AndroidManifest.xml:32:17-78
92                android:value="androidx.startup" />
92-->[androidx.lifecycle:lifecycle-process:2.4.0] AndroidManifest.xml:33:17-49
93        </provider>
94
95        <service
95-->[com.google.android.datatransport:transport-backend-cct:2.3.3] AndroidManifest.xml:29:9-35:19
96            android:name="com.google.android.datatransport.runtime.backends.TransportBackendDiscovery"
96-->[com.google.android.datatransport:transport-backend-cct:2.3.3] AndroidManifest.xml:30:13-103
97            android:exported="false" >
97-->[com.google.android.datatransport:transport-backend-cct:2.3.3] AndroidManifest.xml:31:13-37
98            <meta-data
98-->[com.google.android.datatransport:transport-backend-cct:2.3.3] AndroidManifest.xml:32:13-34:39
99                android:name="backend:com.google.android.datatransport.cct.CctBackendFactory"
99-->[com.google.android.datatransport:transport-backend-cct:2.3.3] AndroidManifest.xml:33:17-94
100                android:value="cct" />
100-->[com.google.android.datatransport:transport-backend-cct:2.3.3] AndroidManifest.xml:34:17-36
101        </service>
102        <service
102-->[com.google.android.datatransport:transport-runtime:2.2.5] AndroidManifest.xml:26:9-30:19
103            android:name="com.google.android.datatransport.runtime.scheduling.jobscheduling.JobInfoSchedulerService"
103-->[com.google.android.datatransport:transport-runtime:2.2.5] AndroidManifest.xml:27:13-117
104            android:exported="false"
104-->[com.google.android.datatransport:transport-runtime:2.2.5] AndroidManifest.xml:28:13-37
105            android:permission="android.permission.BIND_JOB_SERVICE" >
105-->[com.google.android.datatransport:transport-runtime:2.2.5] AndroidManifest.xml:29:13-69
106        </service>
107
108        <receiver
108-->[com.google.android.datatransport:transport-runtime:2.2.5] AndroidManifest.xml:32:9-34:40
109            android:name="com.google.android.datatransport.runtime.scheduling.jobscheduling.AlarmManagerSchedulerBroadcastReceiver"
109-->[com.google.android.datatransport:transport-runtime:2.2.5] AndroidManifest.xml:33:13-132
110            android:exported="false" />
110-->[com.google.android.datatransport:transport-runtime:2.2.5] AndroidManifest.xml:34:13-37
111    </application>
112
113</manifest>